TN:
SF:script/Counter.s.sol
DA:26,258
FN:26,CounterScript.run
FNDA:258,CounterScript.run
DA:28,258
DA:31,258
FNF:1
FNH:1
LF:3
LH:3
BRF:0
BRH:0
end_of_record
TN:
SF:script/DeployCasino.s.sol
DA:30,6
FN:30,DeployCasino.deployCasino
FNDA:6,DeployCasino.deployCasino
DA:32,7
DA:39,7
DA:47,7
DA:51,7
DA:60,3
FN:60,DeployCasino.run
FNDA:3,DeployCasino.run
DA:62,3
DA:65,1
DA:66,1
DA:67,1
FNF:2
FNH:2
LF:10
LH:10
BRF:0
BRH:0
end_of_record
TN:
SF:script/DeployFullSystem.s.sol
DA:32,0
FN:32,DeployFullSystem.run
FNDA:0,DeployFullSystem.run
DA:38,0
DA:39,0
DA:40,0
DA:42,0
DA:43,0
DA:44,0
DA:46,0
DA:65,8
FN:65,DeployFullSystem._deploySystem
FNDA:8,DeployFullSystem._deploySystem
DA:72,8
DA:75,8
DA:83,8
DA:86,8
DA:94,8
DA:96,8
DA:103,8
DA:105,8
DA:120,8
FN:120,DeployFullSystem.deployForTest
FNDA:8,DeployFullSystem.deployForTest
DA:126,8
DA:127,8
DA:144,8
FN:144,DeployFullSystem._setupRoles
FNDA:8,DeployFullSystem._setupRoles
DA:150,8
DA:153,8
DA:156,8
DA:159,8
DA:162,8
DA:165,8
FNF:4
FNH:3
LF:27
LH:19
BRF:0
BRH:0
end_of_record
TN:
SF:src/Counter.sol
DA:22,258
FN:22,Counter.setNumber
FNDA:258,Counter.setNumber
DA:23,258
DA:37,2
FN:37,Counter.increment
FNDA:2,Counter.increment
DA:38,2
FNF:2
FNH:2
LF:4
LH:4
BRF:0
BRH:0
end_of_record
TN:
SF:src/Governance.sol
DA:44,19
FN:44,CasinoGovernance.constructor
FNDA:19,CasinoGovernance.constructor
DA:54,19
DA:62,1
FN:62,CasinoGovernance.votingDelay
FNDA:1,CasinoGovernance.votingDelay
DA:63,5
DA:71,1
FN:71,CasinoGovernance.votingPeriod
FNDA:1,CasinoGovernance.votingPeriod
DA:72,5
DA:81,5
FN:81,CasinoGovernance.proposeNewMintRate
FNDA:5,CasinoGovernance.proposeNewMintRate
DA:82,5
BRDA:82,0,0,2
BRDA:82,0,1,3
DA:84,3
DA:85,3
DA:87,3
DA:88,3
DA:90,3
DA:91,3
DA:93,3
DA:95,3
DA:104,1
FN:104,CasinoGovernance.propose
FNDA:1,CasinoGovernance.propose
DA:110,4
DA:118,2
FN:118,CasinoGovernance.cancel
FNDA:2,CasinoGovernance.cancel
DA:124,4
DA:133,4
FN:133,CasinoGovernance.toString
FNDA:4,CasinoGovernance.toString
DA:134,7
DA:135,7
DA:136,7
DA:137,168
DA:138,161
DA:139,161
DA:141,7
DA:142,168
DA:143,161
DA:144,161
DA:145,161
DA:147,7
DA:157,1
FN:157,CasinoGovernance.quorum
FNDA:1,CasinoGovernance.quorum
DA:163,4
DA:170,6
FN:170,CasinoGovernance.state
FNDA:6,CasinoGovernance.state
DA:176,15
DA:183,1
FN:183,CasinoGovernance._execute
FNDA:1,CasinoGovernance._execute
DA:190,1
DA:197,1
FN:197,CasinoGovernance._cancel
FNDA:1,CasinoGovernance._cancel
DA:203,1
DA:210,2
FN:210,CasinoGovernance._executor
FNDA:2,CasinoGovernance._executor
DA:216,2
DA:224,7
FN:224,CasinoGovernance.supportsInterface
FNDA:7,CasinoGovernance.supportsInterface
DA:230,7
DA:231,5
FNF:13
FNH:13
LF:46
LH:46
BRF:2
BRH:2
end_of_record
TN:
SF:src/HouseToken.sol
DA:51,50
FN:51,HouseToken.setCasino
FNDA:50,HouseToken.setCasino
DA:52,49
BRDA:52,0,0,1
BRDA:52,0,1,48
DA:53,48
DA:54,48
DA:71,60
FN:71,HouseToken.mint
FNDA:60,HouseToken.mint
DA:72,60
BRDA:72,1,0,1
DA:73,59
DA:74,59
DA:84,61
FN:84,HouseToken._afterTokenTransfer
FNDA:61,HouseToken._afterTokenTransfer
DA:88,61
DA:94,59
FN:94,HouseToken._mint
FNDA:59,HouseToken._mint
DA:98,59
DA:105,1
FN:105,HouseToken._burn
FNDA:1,HouseToken._burn
DA:109,1
DA:125,1
FN:125,HouseToken.burnFrom
FNDA:1,HouseToken.burnFrom
DA:126,1
DA:127,1
FNF:6
FNH:6
LF:17
LH:17
BRF:3
BRH:3
end_of_record
